<?xml version="1.0" encoding="UTF-8"?>
<!-- Generated by org.testng.reporters.JUnitReportReporter -->
<testsuite hostname="hyf-PC" name="cn.demo.DeomTest" tests="1" failures="0" timestamp="2 May 2017 07:21:01 GMT" time="0.115" errors="0">
  <testcase name="test2" time="0.115" classname="cn.demo.DeomTest"/>
</testsuite> <!-- cn.demo.DeomTest -->
