<?xml version="1.0" encoding="UTF-8"?>
<!-- Generated by org.testng.reporters.JUnitReportReporter -->
<testsuite hostname="hyf-PC" name="restassuied.Shop" tests="6" failures="0" timestamp="20 Jun 2017 02:12:28 GMT" time="2.916" errors="0">
  <testcase name="get_app_indexweb_Test" time="0.085" classname="restassuied.Shop"/>
  <testcase name="find_all_category_Test" time="0.087" classname="restassuied.Shop"/>
  <testcase name="find_all_product_Test" time="0.403" classname="restassuied.Shop"/>
  <testcase name="get_nearby_vendor" time="0.124" classname="restassuied.Shop"/>
  <testcase name="find_shopplan_products_Test" time="0.061" classname="restassuied.Shop"/>
  <testcase name="ShopidTest" time="2.156" classname="restassuied.Shop"/>
</testsuite> <!-- restassuied.Shop -->
