<?xml version="1.0" encoding="UTF-8"?>
<!-- Generated by org.testng.reporters.JUnitReportReporter -->
<testsuite hostname="hyf-PC" name="cn.demo.Demo2" tests="1" failures="0" timestamp="24 Apr 2017 09:51:19 GMT" time="0.801" errors="0">
  <testcase name="dianpuTest" time="0.801" classname="cn.demo.Demo2"/>
</testsuite> <!-- cn.demo.Demo2 -->
