<?xml version="1.0" encoding="UTF-8"?>
<!-- Generated by org.testng.reporters.JUnitReportReporter -->
<testsuite hostname="hyf-PC" name="cn.linlin.ActionController" tests="5" failures="0" timestamp="16 Apr 2017 05:32:11 GMT" time="0.694" errors="0">
  <testcase name="deletePrivilege" time="0.001" classname="cn.linlin.ActionController"/>
  <testcase name="findPrivilege" time="0.001" classname="cn.linlin.ActionController"/>
  <testcase name="updatePrivilege" time="0.001" classname="cn.linlin.ActionController"/>
  <testcase name="getPrivilege" time="0.000" classname="cn.linlin.ActionController"/>
  <testcase name="createPivilege" time="0.691" classname="cn.linlin.ActionController"/>
</testsuite> <!-- cn.linlin.ActionController -->
