<?xml version="1.0" encoding="UTF-8"?>
<!-- Generated by org.testng.reporters.JUnitReportReporter -->
<testsuite hostname="hyf-PC" name="cn.demo.StatelessConnection" tests="2" failures="0" timestamp="25 Apr 2017 02:02:52 GMT" time="2.113" errors="0">
  <testcase name="loginTest" time="2.110" classname="cn.demo.StatelessConnection"/>
  <testcase name="yuyueTest" time="0.003" classname="cn.demo.StatelessConnection"/>
</testsuite> <!-- cn.demo.StatelessConnection -->
