<?xml version="1.0" encoding="UTF-8"?>
<!-- Generated by org.testng.reporters.JUnitReportReporter -->
<testsuite hostname="hyf-PC" name="cn.demo.Relevance" tests="2" failures="0" timestamp="24 Apr 2017 12:19:06 GMT" time="6.587" errors="0">
  <testcase name="loginTest" time="6.521" classname="cn.demo.Relevance"/>
  <testcase name="jiaruyuyue" time="0.066" classname="cn.demo.Relevance"/>
</testsuite> <!-- cn.demo.Relevance -->
