<?xml version="1.0" encoding="UTF-8"?>
<!-- Generated by org.testng.reporters.JUnitReportReporter -->
<testsuite hostname="hyf-PC" name="cn.linlin.shop.ShopController" tests="1" failures="0" timestamp="2 May 2017 06:20:34 GMT" time="0.114" errors="0">
  <testcase name="newshopTest" time="0.114" classname="cn.linlin.shop.ShopController"/>
</testsuite> <!-- cn.linlin.shop.ShopController -->
