<?xml version="1.0" encoding="UTF-8"?>
<!-- Generated by org.testng.reporters.JUnitReportReporter -->
<testsuite hostname="hyf-PC" name="cn.linlin.RegisterTest" tests="1" failures="0" timestamp="12 Jun 2017 10:28:51 GMT" time="1.023" errors="0">
  <testcase name="registerTest" time="1.023" classname="cn.linlin.RegisterTest"/>
</testsuite> <!-- cn.linlin.RegisterTest -->
