<?xml version="1.0" encoding="UTF-8"?>
<!-- Generated by org.testng.reporters.JUnitReportReporter -->
<testsuite hostname="hyf-PC" name="cn.demo.KeepSession" tests="2" failures="0" timestamp="3 May 2017 02:22:18 GMT" time="1.641" errors="0">
  <testcase name="testLogin" time="1.640" classname="cn.demo.KeepSession"/>
  <testcase name="testContext" time="0.001" classname="cn.demo.KeepSession"/>
</testsuite> <!-- cn.demo.KeepSession -->
