<?xml version="1.0" encoding="UTF-8"?>
<!-- Generated by org.testng.reporters.JUnitReportReporter -->
<testsuite hostname="hyf-PC" name="cn.demo.Relevance" tests="2" failures="0" timestamp="10 May 2017 02:22:59 GMT" time="24.893" errors="0">
  <testcase name="jiaruyuyue" time="21.014" classname="cn.demo.Relevance"/>
  <testcase name="loginTest" time="3.879" classname="cn.demo.Relevance"/>
</testsuite> <!-- cn.demo.Relevance -->
