<?xml version="1.0" encoding="UTF-8"?>
<!-- Generated by org.testng.reporters.JUnitReportReporter -->
<testsuite hostname="hyf-PC" name="restassuied.Demo1" tests="1" failures="0" timestamp="16 Jun 2017 03:49:50 GMT" time="2.115" errors="0">
  <testcase name="test1" time="2.115" classname="restassuied.Demo1"/>
</testsuite> <!-- restassuied.Demo1 -->
