<?xml version="1.0" encoding="UTF-8"?>
<!-- Generated by org.testng.reporters.JUnitReportReporter -->
<testsuite hostname="hyf-PC" name="cn.demo.demo1" tests="2" failures="0" timestamp="10 May 2017 02:46:19 GMT" time="42.667" errors="0">
  <testcase name="fuction1" time="21.658" classname="cn.demo.demo1"/>
  <testcase name="renzheng" time="21.009" classname="cn.demo.demo1"/>
</testsuite> <!-- cn.demo.demo1 -->
