<?xml version="1.0" encoding="UTF-8"?>
<!-- Generated by org.testng.reporters.JUnitReportReporter -->
<testsuite hostname="hyf-PC" name="cn.linlin.LoginTest" tests="1" failures="0" timestamp="12 Jun 2017 10:27:44 GMT" time="0.123" errors="0">
  <testcase name="loginTestBuyer" time="0.123" classname="cn.linlin.LoginTest"/>
</testsuite> <!-- cn.linlin.LoginTest -->
