<?xml version="1.0" encoding="UTF-8"?>
<!-- Generated by org.testng.reporters.JUnitReportReporter -->
<testsuite hostname="hyf-PC" name="cn.demo.KeepSession" tests="2" failures="0" timestamp="25 Apr 2017 07:30:09 GMT" time="2.536" errors="0">
  <testcase name="testLogin" time="2.395" classname="cn.demo.KeepSession"/>
  <testcase name="testContext" time="0.141" classname="cn.demo.KeepSession"/>
</testsuite> <!-- cn.demo.KeepSession -->
