<?xml version="1.0" encoding="UTF-8"?>
<!-- Generated by org.testng.reporters.JUnitReportReporter -->
<testsuite hostname="hyf-PC" name="cn.demo.Dwmo" tests="1" failures="0" timestamp="14 Jun 2017 08:17:33 GMT" time="0.031" errors="0">
  <testcase name="test1" time="0.031" classname="cn.demo.Dwmo"/>
</testsuite> <!-- cn.demo.Dwmo -->
